04/08/2026 05:17:19 PM : INFO : ***********Test_001_Login*************
04/08/2026 05:17:19 PM : INFO : ***********Verifying HomePage Title*************
04/08/2026 05:17:23 PM : INFO : ***********HomePage Title is passed*************
04/08/2026 05:17:25 PM : INFO : ***********Verifying Login Test*************
04/08/2026 05:17:53 PM : ERROR : ***********Login Test is failed*************
04/08/2026 05:22:29 PM : INFO : ***********Test_001_Login*************
04/08/2026 05:22:29 PM : INFO : ***********Verifying HomePage Title*************
04/08/2026 05:22:32 PM : INFO : ***********HomePage Title is passed*************
04/08/2026 05:22:33 PM : INFO : ***********Verifying Login Test*************
04/08/2026 05:23:03 PM : INFO : ***********Login Test is passed*************
04/08/2026 07:01:18 PM : INFO : ***********Test_001_Login*************
04/08/2026 07:01:18 PM : INFO : ***********Verifying HomePage Title*************
04/08/2026 07:01:22 PM : INFO : ***********HomePage Title is passed*************
04/08/2026 07:01:23 PM : INFO : ***********Verifying Login Test*************
04/08/2026 07:01:35 PM : INFO : ***********Login Test is passed*************
04/08/2026 07:02:28 PM : INFO : ***********Test_001_Login*************
04/08/2026 07:02:28 PM : INFO : ***********Verifying HomePage Title*************
04/08/2026 07:02:31 PM : INFO : ***********HomePage Title is passed*************
04/08/2026 07:02:33 PM : INFO : ***********Verifying Login Test*************
04/08/2026 07:02:57 PM : INFO : ***********Login Test is passed*************
04/08/2026 07:03:47 PM : INFO : ***********Test_001_Login*************
04/08/2026 07:03:47 PM : INFO : ***********Verifying HomePage Title*************
04/08/2026 07:03:49 PM : INFO : ***********HomePage Title is passed*************
04/08/2026 07:03:51 PM : INFO : ***********Verifying Login Test*************
04/08/2026 07:03:55 PM : INFO : ***********Login Test is passed*************
04/08/2026 07:05:47 PM : INFO : ***********Test_001_Login*************
04/08/2026 07:05:47 PM : INFO : ***********Verifying HomePage Title*************
04/08/2026 07:05:47 PM : INFO : ***********Verifying Login Test*************
04/08/2026 07:06:19 PM : INFO : ***********Test_001_Login*************
04/08/2026 07:06:19 PM : INFO : ***********Verifying HomePage Title*************
04/08/2026 07:08:24 PM : INFO : ***********Verifying Login Test*************
04/08/2026 07:20:27 PM : INFO : ***********Verifying Login Test*************
04/08/2026 07:20:28 PM : INFO : ***********Test_001_Login*************
04/08/2026 07:20:28 PM : INFO : ***********Verifying HomePage Title*************
04/08/2026 07:20:32 PM : INFO : ***********HomePage Title is passed*************
04/08/2026 07:20:33 PM : ERROR : ***********Login Test is failed*************
04/08/2026 07:51:47 PM : INFO : ***********Verifying Login Test*************
04/08/2026 07:51:47 PM : INFO : ***********Test_001_Login*************
04/08/2026 07:51:47 PM : INFO : ***********Verifying HomePage Title*************
04/08/2026 07:51:50 PM : INFO : ***********HomePage Title is passed*************
04/08/2026 07:52:18 PM : INFO : ***********Login Test is passed*************
04/09/2026 11:46:32 AM : INFO : ***********Test_002_DDT_Login*************
04/09/2026 11:46:32 AM : INFO : ***********Verifying DDT Login Test*************
04/09/2026 11:46:43 AM : INFO : ***** Passed
04/09/2026 04:30:20 PM : INFO : ************* Test_003_AddCustomer **********
04/09/2026 04:31:25 PM : INFO : ************* Login succesful **********
04/09/2026 04:31:25 PM : INFO : ******* Starting Add Customer Test **********
04/09/2026 04:34:23 PM : INFO : ************* Test_003_AddCustomer **********
04/09/2026 04:35:27 PM : INFO : ************* Login succesful **********
04/09/2026 04:35:27 PM : INFO : ******* Starting Add Customer Test **********
04/09/2026 04:52:58 PM : INFO : ************* Test_003_AddCustomer **********
04/09/2026 04:53:56 PM : INFO : ************* Login successful **********
04/09/2026 04:53:56 PM : INFO : ******* Starting Add Customer Test **********
04/09/2026 04:54:02 PM : INFO : ************* Providing customer info **********
04/09/2026 04:56:36 PM : INFO : ************* TC_SearchCustomerByEmail_004 **********
04/09/2026 04:57:38 PM : INFO : ************* Login successful **********
04/09/2026 04:57:38 PM : INFO : ******* Starting Search Customer By Email **********
04/09/2026 04:57:55 PM : INFO : ************* searching customer by email **********
04/09/2026 04:58:01 PM : ERROR : *********** Search Customer By Email Test Failed ***********
04/09/2026 04:59:31 PM : INFO : ************* TC_SearchCustomerByName_005 **********
04/09/2026 05:00:16 PM : INFO : ************* Login successful **********
04/09/2026 05:00:16 PM : INFO : ******* Starting Search Customer By Name **********
04/09/2026 06:13:51 PM : INFO : ************* TC_SearchCustomerByName_005 **********
04/09/2026 06:14:02 PM : INFO : ************* Login successful **********
04/09/2026 06:14:02 PM : INFO : ******* Starting Search Customer By Name **********
04/09/2026 06:14:06 PM : INFO : ************* Searching customer by Name **********
